<?xml version="1.0" encoding="UTF-8"?>
<!-- Generated by org.testng.reporters.JUnitReportReporter -->
<testsuite hostname="LAPTOP-T9EFSAMR" failures="0" tests="1" name="test.LoginTest" time="15.104" errors="0" timestamp="2024-02-13T21:09:53 CST" skipped="0">
  <testcase classname="test.LoginTest" name="validUserShouldBeAbleToLogin" time="15.104"/>
</testsuite> <!-- test.LoginTest -->
